   1 0000               #
   2 0000               # FILE:         $File$
   3 0000               # AUTHOR:       P. White
   4 0000               # Contributors:
   5 0000               #		W. Carithers
   6 0000               #		K. Reek
   7 0000               #		<<<YOUR NAME HERE>>>
   8 0000               #
   9 0000               # DESCRIPTION:
  10 0000               #	This program reads up to 10 of numbers (or until the user
  11 0000               #	enters the value 9999) from the standard input, and then 
  12 0000               #	computes and prints their sum.
  13 0000               #
  14 0000               # ARGUMENTS:
  15 0000               #	None
  16 0000               #
  17 0000               # INPUT:
  18 0000               # 	The numbers to be summed.
  19 0000               #
  20 0000               # OUTPUT:
  21 0000               #	A "before" line with the 10 numbers in the order they were
  22 0000               #	entered, and an "Sum=" and then the sum of all the numbers
  23 0000               #
  24 0000               #
  25 0000               # REVISION HISTORY:
  26 0000               #	Aug  2013	- P. White converted to MIPS
  27 0000               #
  28 0000               
  29 0000               #-------------------------------
  30 0000               
  31 0000               #
  32 0000               # CONSTANTS
  33 0000               #
  34 0000               
  35 0000               MAX_SIZE= 10			# number of array elements
  36 0000               PRINT_STRING = 4		# arg for syscall to tell it to write
  37 0000               PRINT_INT = 1
  38 0000               
  39 0000               #-------------------------------
  40 0000               #
  41 0000               # DATA AREAS
  42 0000               #
  43 0000               
  44 0000               	.data
  45 0000               
  46 0000               	.align	2		# word data must be on word boundaries
  47 0000               array:	
  48 0000 00000000		.space	4*MAX_SIZE	# Reserve space for array to hold data
          00000000
          00000000
          00000000
          00000000
          00000000
  49 0028               				# the array is up to MAX_SIZE words (4byte
  50 0028               				# each). Note the array isn't initialized
  51 0028               size:
  52 0028 00000000		.word	0		# Actual number of values in the array
  53 002c               
  54 002c               	.align	0		# string data doesn't have to be aligned
  55 002c               space:	
  56 002c 2000    		.asciiz	" "
  57 002e               lf:	
  58 002e 0A00    		.asciiz	"\n"
  59 0030               before:	
  60 0030 56616C75		.asciiz	"Values entered: "
          65732065
          6E746572
          65643A20
          00      
  61 0041               sum_msg:	
  62 0041 53756D3D		.asciiz	"Sum= "
          2000    
  63 0047               prompt:	
  64 0047 456E7465		.asciiz	"Enter Number: "
          72204E75
          6D626572
          3A2000  
  65 0056               reprompt:	
  66 0056 4E756D62		.asciiz	"Number not positive.\nRe-Enter Number: "
          6572206E
          6F742070
          6F736974
          6976652E
          0A52652D
  67 007d               
  68 007d               #
  69 007d               # CODE AREAS
  70 007d               #
  71 0000               	.text			# this is program code
  72 0000               	.align	2		# instructions must be on word boundaries
  73 0000               
  74 0000               	.globl	main		# main is a global label
  75 0000               
  76 0000               # ######################################
  77 0000               # ##### BEGIN STUDENT CODE BLOCK 1 #####
  78 0000               
  79 0000               #
  80 0000               # Name:         main
  81 0000               #
  82 0000               # Description:  EXECUTION BEGINS HERE
  83 0000               # Arguments:    none
  84 0000               # Returns:      none
  85 0000               # Destroys:     t0,t1,t2,t3
  86 0000               #
  87 0000               
  88 0000               FRAMESIZE = 8
  89 0000               main:
  90 0000               				# allocate space for the stack frame
  91 0000 23BDFFF8		addi	$sp,$sp,-FRAMESIZE	
  92 0004 AFBF0004		sw	$ra,4($sp)	# store the ra on the stack
  93 0008 AFB00000		sw	$s0,0($sp)	# store the s0 on the stack
  94 000c               
  95 000c 3C040000		la	$a0,array	# Pass the address of the array in a0
     0010 34840000
  96 0014 3405000A		li	$a1,MAX_SIZE	# and its max size in a1
  97 0018 0C00004F		jal	readarray
  98 001c               
  99 001c               #
 100 001c               # The number of elements in the array is returned in v0
 101 001c               # store it into memory then print the array
 102 001c               #
 103 001c               
 104 001c 3C080000		la	$t0,size
     0020 35080000
 105 0024 AD020000		sw	$v0,0($t0)		# store num. of val. entered
 106 0028               
 107 0028 34020004		li	$v0,PRINT_STRING	# print a "Values:"
 108 002c 3C040000		la	$a0,before
     0030 34840000
 109 0034 0000000C		syscall
 110 0038               
 111 0038 0C00002A		jal	parray
 112 003c               
 113 003c               #
 114 003c               # Sum up the elements in the array
 115 003c               #
 116 003c               
 117 003c 34080000		li 	$t0,0			# t0 loop counter
 118 0040 3C090000		la	$t1,size		# t1 is number of elements read
     0044 35290000
 119 0048               
 120 0048 3C100000		la	$s0,array		# s0 is pointer into array
     004c 36100000
 121 0050 340A0000		li 	$t2,0			# t2 is the running total
 122 0054               	
 123 0054               sum_loop:				
 124 0054 11090005		beq	$t0,$t1,sum_loop_end
 125 0058 8E0B0000		lw	$t3,0($s0)		# read the value
 126 005c 014B5020		add	$t2,$t2,$t3		# add it to the sum
 127 0060               
 128 0060 21080001		addi	$t0,$t0,1		# increment counter
 129 0064 22100004		addi	$s0,$s0,4		# increment array pointer
 130 0068 08000015		j	sum_loop
 131 006c               sum_loop_end:
 132 006c               	
 133 006c 34020004		li	$v0,PRINT_STRING		# print "Sum=	"
 134 0070 3C040000		la	$a0,sum_msg
     0074 34840000
 135 0078 0000000C		syscall
 136 007c               
 137 007c 34020001		li	$v0,PRINT_INT	# print the sum
 138 0080 01402021		move	$a0,$t2
 139 0084 0000000C		syscall
 140 0088               
 141 0088 34020004		li	$v0,PRINT_STRING
 142 008c 3C040000		la	$a0,lf
     0090 34840000
 143 0094 0000000C		syscall			# print a newline
 144 0098               
 145 0098 8FBF0004		lw	$ra,4($sp)	# restore the registers
 146 009c 8FB00000		lw	$s0,0($sp)	
 147 00a0 23BD0008		addi	$sp,$sp,FRAMESIZE	
 148 00a4 03E00008		jr	$ra		# return from main and exit program
 149 00a8               
 150 00a8               #
 151 00a8               # Name:         parray
 152 00a8               #
 153 00a8               # Description:  prints the "size" number of integers from the 
 154 00a8               #		array "array"
 155 00a8               # Arguments:    none
 156 00a8               # Returns:      none
 157 00a8               # Destroys:     t0,t1
 158 00a8               #
 159 00a8               
 160 00a8               parray:
 161 00a8 3C040000		la	$a0,array	# a0 is the location of the array
     00ac 34840000
 162 00b0 3C080000		la	$t0,size
     00b4 35080000
 163 00b8 8D050000		lw	$a1, 0($t0)	# a1 is the number of elements entered
 164 00bc               
 165 00bc 34080000		li	$t0,0		# i=0;
 166 00c0 00804821		move	$t1,$a0		# t1 is pointer to array
 167 00c4               pa_loop:
 168 00c4 1105000A		beq	$t0,$a1,done	# done if i==n
 169 00c8               
 170 00c8 8D240000		lw	$a0,0($t1)	# get a[i]
 171 00cc 34020001		li	$v0,PRINT_INT
 172 00d0 0000000C		syscall			# print one int
 173 00d4               
 174 00d4 34020004		li	$v0,PRINT_STRING
 175 00d8 3C040000		la	$a0,space
     00dc 34840000
 176 00e0 0000000C		syscall			# print a space
 177 00e4               
 178 00e4 21290004		addi    $t1,$t1,4       # update pointer
 179 00e8 21080001		addi	$t0,$t0,1	# and count
 180 00ec 08000031		j	pa_loop
 181 00f0               done:
 182 00f0 34020004		li	$v0,PRINT_STRING
 183 00f4 3C040000		la	$a0,lf
     00f8 34840000
 184 00fc 0000000C		syscall			# print a newline
 185 0100               
 186 0100 03E00008		jr	$ra
 187 0104               
 188 0104               #
 189 0104               # Name:         readnumber
 190 0104               #
 191 0104               # Description:  reads in a positive integers
 192 0104               # Arguments:    none
 193 0104               # Returns:      return the number read in (in v0)
 194 0104               # Destroys:     none
 195 0104               #
 196 0104               
 197 0104               readnumber:
 198 0104 34020004		li	$v0,PRINT_STRING
 199 0108 3C040000		la	$a0,prompt
     010c 34840000
 200 0110 0000000C		syscall			# print string
 201 0114               readloop:
 202 0114 34020005	        li      $v0,5
 203 0118 0000000C	        syscall
 204 011c               
 205 011c 28480000		slti	$t0, $v0, 0
 206 0120 11000005		beq	$t0, $zero, goodnumber
 207 0124 34020004		li	$v0,PRINT_STRING
 208 0128 3C040000		la	$a0,reprompt
     012c 34840000
 209 0130 0000000C		syscall			# print string
 210 0134 08000045		j	readloop
 211 0138               
 212 0138               goodnumber:
 213 0138 03E00008		jr $ra
 214 013c               #
 215 013c               # Name:         readarray
 216 013c               #
 217 013c               # Description:  reads in an array of integers, can read up to MAX_SIZE
 218 013c               #		elements or until the user enters the sentinal 9999 
 219 013c               # Arguments:    $a0 the address of the array
 220 013c               #		$a1 the max number of elements that can be in the array
 221 013c               # Returns:      return the number of values read in
 222 013c               # Destroys:     t0,t1,t9
 223 013c               #
 224 013c               
 225 013c               readarray:
 226 013c 23BDFFFC		addi	$sp, $sp, -4
 227 0140 AFBF0000		sw	$ra, 0($sp)	# save ra on stack
 228 0144 23BDFFFC		addi	$sp, $sp, -4
 229 0148 AFB00000		sw	$s0, 0($sp)	# save s0 on stack
 230 014c 23BDFFFC		addi	$sp, $sp, -4
 231 0150 AFB10000		sw	$s1, 0($sp)	# save s1 on stack
 232 0154               
 233 0154 34100000		li	$s0,0		# t0 will hold the num. of ele. entered
 234 0158 00804821		move	$t1,$a0		# t1 is pointer to array
 235 015c               ra_loop:
 236 015c 12050007		beq	$s0,$a1,ra_done	# done if num_ele == max allowed
 237 0160               
 238 0160 0C000041		jal	readnumber
 239 0164               
 240 0164 3419270F		li	$t9,9999	# sentinal to leave loop
 241 0168 10590004		beq	$v0,$t9,ra_done
 242 016c               
 243 016c AD220000		sw	$v0,0($t1)
 244 0170               
 245 0170 21290004		addi	$t1,$t1,4	# update pointer
 246 0174 22100001		addi	$s0,$s0,1	# and increment the count
 247 0178 08000057		j	ra_loop
 248 017c               ra_done:
 249 017c 34020004		li	$v0,PRINT_STRING
 250 0180 3C040000		la	$a0,lf
     0184 34840000
 251 0188 0000000C		syscall			# print a message
 252 018c               
 253 018c 02001021		move	$v0,$s0		# return the number of values read in
 254 0190               
 255 0190 8FB10000		lw      $s1, 0($sp)	# restore the s1 from the stack
 256 0194 23BD0004		addi    $sp, $sp, 4
 257 0198 8FB00000		lw      $s0, 0($sp)	# restore the s0 from the stack
 258 019c 23BD0004		addi    $sp, $sp, 4
 259 01a0 8FBF0000		lw	$ra, 0($sp)	# restore the ra from the stack
 260 01a4 23BD0004		addi    $sp, $sp, 4
 261 01a8 03E00008	        jr      $ra             # Return From Subroutine
 262 01ac               # ###### END STUDENT CODE BLOCK 1 ######
 263 01ac               # ######################################
 264 01ac               


FRAMESIZE     = 00000008   
MAX_SIZE      = 0000000A   
PRINT_INT     = 00000001   
PRINT_STRING  = 00000004   
array           00000000 R  data 
before          00000030 R  data 
done            000000F0 R  text 
goodnumber      00000138 R  text 
lf              0000002E R  data 
main            00000000 RG text 
pa_loop         000000C4 R  text 
parray          000000A8 R  text 
prompt          00000047 R  data 
ra_done         0000017C R  text 
ra_loop         0000015C R  text 
readarray       0000013C R  text 
readloop        00000114 R  text 
readnumber      00000104 R  text 
reprompt        00000056 R  data 
size            00000028 R  data 
space           0000002C R  data 
sum_loop        00000054 R  text 
sum_loop_end    0000006C R  text 
sum_msg         00000041 R  data 
